{"C:\\Users\\enock\\source\\repos\\VSCode Projects\\FreelancerCRM\\backend\\src\\server.ts": {"path":"C:\\Users\\enock\\source\\repos\\VSCode Projects\\FreelancerCRM\\backend\\src\\server.ts","statementMap":{"0":{"start":{"line":1,"column":0},"end":{"line":1,"column":57}},"1":{"start":{"line":2,"column":0},"end":{"line":2,"column":23}},"2":{"start":{"line":3,"column":0},"end":{"line":3,"column":45}},"3":{"start":{"line":4,"column":0},"end":{"line":4,"column":45}},"4":{"start":{"line":5,"column":0},"end":{"line":5,"column":47}},"5":{"start":{"line":7,"column":28},"end":{"line":34,"column":1}},"6":{"start":{"line":8,"column":14},"end":{"line":8,"column":23}},"7":{"start":{"line":10,"column":17},"end":{"line":10,"column":48}},"8":{"start":{"line":11,"column":28},"end":{"line":11,"column":65}},"9":{"start":{"line":13,"column":25},"end":{"line":16,"column":null}},"10":{"start":{"line":18,"column":2},"end":{"line":18,"column":null}},"11":{"start":{"line":19,"column":2},"end":{"line":19,"column":null}},"12":{"start":{"line":21,"column":2},"end":{"line":21,"column":null}},"13":{"start":{"line":22,"column":2},"end":{"line":22,"column":null}},"14":{"start":{"line":24,"column":20},"end":{"line":24,"column":28}},"15":{"start":{"line":25,"column":2},"end":{"line":25,"column":null}},"16":{"start":{"line":26,"column":2},"end":{"line":26,"column":null}},"17":{"start":{"line":28,"column":40},"end":{"line":30,"column":3}},"18":{"start":{"line":29,"column":4},"end":{"line":29,"column":24}},"19":{"start":{"line":31,"column":2},"end":{"line":31,"column":40}},"20":{"start":{"line":33,"column":2},"end":{"line":33,"column":null}},"21":{"start":{"line":7,"column":13},"end":{"line":7,"column":28}}},"fnMap":{"0":{"name":"(anonymous_10)","decl":{"start":{"line":7,"column":28},"end":{"line":7,"column":33}},"loc":{"start":{"line":7,"column":39},"end":{"line":34,"column":1}}},"1":{"name":"(anonymous_11)","decl":{"start":{"line":28,"column":40},"end":{"line":28,"column":41}},"loc":{"start":{"line":28,"column":54},"end":{"line":30,"column":3}}}},"branchMap":{},"s":{"0":1,"1":1,"2":1,"3":1,"4":1,"5":1,"6":1,"7":1,"8":1,"9":1,"10":1,"11":1,"12":1,"13":1,"14":1,"15":1,"16":1,"17":1,"18":0,"19":1,"20":1,"21":1},"f":{"0":1,"1":0},"b":{}}
,"C:\\Users\\enock\\source\\repos\\VSCode Projects\\FreelancerCRM\\backend\\src\\controllers\\auth.controller.ts": {"path":"C:\\Users\\enock\\source\\repos\\VSCode Projects\\FreelancerCRM\\backend\\src\\controllers\\auth.controller.ts","statementMap":{"0":{"start":{"line":2,"column":0},"end":{"line":2,"column":46}},"1":{"start":{"line":3,"column":0},"end":{"line":3,"column":28}},"2":{"start":{"line":4,"column":0},"end":{"line":4,"column":31}},"3":{"start":{"line":12,"column":15},"end":{"line":12,"column":33}},"4":{"start":{"line":13,"column":19},"end":{"line":13,"column":41}},"5":{"start":{"line":14,"column":0},"end":{"line":16,"column":1}},"6":{"start":{"line":15,"column":2},"end":{"line":15,"column":61}},"7":{"start":{"line":18,"column":28},"end":{"line":41,"column":1}},"8":{"start":{"line":19,"column":30},"end":{"line":19,"column":38}},"9":{"start":{"line":21,"column":2},"end":{"line":40,"column":3}},"10":{"start":{"line":22,"column":21},"end":{"line":22,"column":71}},"11":{"start":{"line":23,"column":4},"end":{"line":26,"column":5}},"12":{"start":{"line":24,"column":6},"end":{"line":24,"column":61}},"13":{"start":{"line":25,"column":6},"end":{"line":25,"column":13}},"14":{"start":{"line":28,"column":27},"end":{"line":28,"column":58}},"15":{"start":{"line":29,"column":17},"end":{"line":34,"column":6}},"16":{"start":{"line":36,"column":18},"end":{"line":36,"column":80}},"17":{"start":{"line":37,"column":4},"end":{"line":37,"column":36}},"18":{"start":{"line":39,"column":4},"end":{"line":39,"column":52}},"19":{"start":{"line":18,"column":13},"end":{"line":18,"column":28}},"20":{"start":{"line":43,"column":25},"end":{"line":70,"column":1}},"21":{"start":{"line":44,"column":30},"end":{"line":44,"column":38}},"22":{"start":{"line":46,"column":2},"end":{"line":69,"column":3}},"23":{"start":{"line":47,"column":17},"end":{"line":47,"column":67}},"24":{"start":{"line":48,"column":4},"end":{"line":51,"column":5}},"25":{"start":{"line":49,"column":6},"end":{"line":49,"column":61}},"26":{"start":{"line":50,"column":6},"end":{"line":50,"column":13}},"27":{"start":{"line":53,"column":18},"end":{"line":53,"column":63}},"28":{"start":{"line":54,"column":4},"end":{"line":57,"column":5}},"29":{"start":{"line":55,"column":6},"end":{"line":55,"column":61}},"30":{"start":{"line":56,"column":6},"end":{"line":56,"column":13}},"31":{"start":{"line":59,"column":18},"end":{"line":59,"column":80}},"32":{"start":{"line":60,"column":4},"end":{"line":66,"column":5}},"33":{"start":{"line":68,"column":4},"end":{"line":68,"column":52}},"34":{"start":{"line":43,"column":13},"end":{"line":43,"column":25}}},"fnMap":{"0":{"name":"(anonymous_1)","decl":{"start":{"line":18,"column":28},"end":{"line":18,"column":33}},"loc":{"start":{"line":18,"column":85},"end":{"line":41,"column":1}}},"1":{"name":"(anonymous_2)","decl":{"start":{"line":43,"column":25},"end":{"line":43,"column":30}},"loc":{"start":{"line":43,"column":82},"end":{"line":70,"column":1}}}},"branchMap":{"0":{"loc":{"start":{"line":14,"column":0},"end":{"line":16,"column":1}},"type":"if","locations":[{"start":{"line":14,"column":0},"end":{"line":16,"column":1}},{"start":{},"end":{}}]},"1":{"loc":{"start":{"line":23,"column":4},"end":{"line":26,"column":5}},"type":"if","locations":[{"start":{"line":23,"column":4},"end":{"line":26,"column":5}},{"start":{},"end":{}}]},"2":{"loc":{"start":{"line":48,"column":4},"end":{"line":51,"column":5}},"type":"if","locations":[{"start":{"line":48,"column":4},"end":{"line":51,"column":5}},{"start":{},"end":{}}]},"3":{"loc":{"start":{"line":54,"column":4},"end":{"line":57,"column":5}},"type":"if","locations":[{"start":{"line":54,"column":4},"end":{"line":57,"column":5}},{"start":{},"end":{}}]}},"s":{"0":1,"1":1,"2":1,"3":1,"4":1,"5":1,"6":0,"7":1,"8":0,"9":0,"10":0,"11":0,"12":0,"13":0,"14":0,"15":0,"16":0,"17":0,"18":0,"19":1,"20":1,"21":0,"22":0,"23":0,"24":0,"25":0,"26":0,"27":0,"28":0,"29":0,"30":0,"31":0,"32":0,"33":0,"34":1},"f":{"0":0,"1":0},"b":{"0":[0,1],"1":[0,0],"2":[0,0],"3":[0,0]}}
,"C:\\Users\\enock\\source\\repos\\VSCode Projects\\FreelancerCRM\\backend\\src\\controllers\\user.controller.ts": {"path":"C:\\Users\\enock\\source\\repos\\VSCode Projects\\FreelancerCRM\\backend\\src\\controllers\\user.controller.ts","statementMap":{"0":{"start":{"line":2,"column":0},"end":{"line":2,"column":28}},"1":{"start":{"line":3,"column":0},"end":{"line":3,"column":46}},"2":{"start":{"line":9,"column":15},"end":{"line":9,"column":33}},"3":{"start":{"line":10,"column":23},"end":{"line":24,"column":1}},"4":{"start":{"line":11,"column":2},"end":{"line":23,"column":3}},"5":{"start":{"line":12,"column":17},"end":{"line":15,"column":6}},"6":{"start":{"line":17,"column":4},"end":{"line":17,"column":65}},"7":{"start":{"line":17,"column":15},"end":{"line":17,"column":65}},"8":{"start":{"line":19,"column":4},"end":{"line":19,"column":19}},"9":{"start":{"line":21,"column":4},"end":{"line":21,"column":23}},"10":{"start":{"line":22,"column":4},"end":{"line":22,"column":61}},"11":{"start":{"line":10,"column":13},"end":{"line":10,"column":23}},"12":{"start":{"line":26,"column":26},"end":{"line":48,"column":1}},"13":{"start":{"line":27,"column":30},"end":{"line":27,"column":38}},"14":{"start":{"line":29,"column":2},"end":{"line":47,"column":3}},"15":{"start":{"line":30,"column":59},"end":{"line":30,"column":61}},"16":{"start":{"line":32,"column":4},"end":{"line":32,"column":37}},"17":{"start":{"line":32,"column":15},"end":{"line":32,"column":37}},"18":{"start":{"line":33,"column":4},"end":{"line":36,"column":5}},"19":{"start":{"line":34,"column":19},"end":{"line":34,"column":43}},"20":{"start":{"line":35,"column":6},"end":{"line":35,"column":59}},"21":{"start":{"line":38,"column":20},"end":{"line":41,"column":6}},"22":{"start":{"line":43,"column":4},"end":{"line":43,"column":77}},"23":{"start":{"line":45,"column":4},"end":{"line":45,"column":23}},"24":{"start":{"line":46,"column":4},"end":{"line":46,"column":58}},"25":{"start":{"line":26,"column":13},"end":{"line":26,"column":26}}},"fnMap":{"0":{"name":"(anonymous_1)","decl":{"start":{"line":10,"column":23},"end":{"line":10,"column":28}},"loc":{"start":{"line":10,"column":65},"end":{"line":24,"column":1}}},"1":{"name":"(anonymous_2)","decl":{"start":{"line":26,"column":26},"end":{"line":26,"column":31}},"loc":{"start":{"line":26,"column":68},"end":{"line":48,"column":1}}}},"branchMap":{"0":{"loc":{"start":{"line":17,"column":4},"end":{"line":17,"column":65}},"type":"if","locations":[{"start":{"line":17,"column":4},"end":{"line":17,"column":65}},{"start":{},"end":{}}]},"1":{"loc":{"start":{"line":32,"column":4},"end":{"line":32,"column":37}},"type":"if","locations":[{"start":{"line":32,"column":4},"end":{"line":32,"column":37}},{"start":{},"end":{}}]},"2":{"loc":{"start":{"line":33,"column":4},"end":{"line":36,"column":5}},"type":"if","locations":[{"start":{"line":33,"column":4},"end":{"line":36,"column":5}},{"start":{},"end":{}}]}},"s":{"0":1,"1":1,"2":1,"3":1,"4":0,"5":0,"6":0,"7":0,"8":0,"9":0,"10":0,"11":1,"12":1,"13":0,"14":0,"15":0,"16":0,"17":0,"18":0,"19":0,"20":0,"21":0,"22":0,"23":0,"24":0,"25":1},"f":{"0":0,"1":0},"b":{"0":[0,0],"1":[0,0],"2":[0,0]}}
,"C:\\Users\\enock\\source\\repos\\VSCode Projects\\FreelancerCRM\\backend\\src\\graphql\\index.ts": {"path":"C:\\Users\\enock\\source\\repos\\VSCode Projects\\FreelancerCRM\\backend\\src\\graphql\\index.ts","statementMap":{"0":{"start":{"line":1,"column":0},"end":{"line":1,"column":46}},"1":{"start":{"line":2,"column":0},"end":{"line":2,"column":60}},"2":{"start":{"line":3,"column":0},"end":{"line":3,"column":34}},"3":{"start":{"line":4,"column":0},"end":{"line":4,"column":40}},"4":{"start":{"line":7,"column":0},"end":{"line":7,"column":31}},"5":{"start":{"line":8,"column":0},"end":{"line":8,"column":31}},"6":{"start":{"line":18,"column":32},"end":{"line":53,"column":1}},"7":{"start":{"line":19,"column":17},"end":{"line":22,"column":4}},"8":{"start":{"line":24,"column":2},"end":{"line":24,"column":23}},"9":{"start":{"line":27,"column":2},"end":{"line":52,"column":4}},"10":{"start":{"line":32,"column":19},"end":{"line":32,"column":23}},"11":{"start":{"line":33,"column":21},"end":{"line":33,"column":46}},"12":{"start":{"line":34,"column":8},"end":{"line":44,"column":9}},"13":{"start":{"line":35,"column":24},"end":{"line":35,"column":42}},"14":{"start":{"line":36,"column":10},"end":{"line":43,"column":11}},"15":{"start":{"line":37,"column":28},"end":{"line":37,"column":70}},"16":{"start":{"line":38,"column":12},"end":{"line":40,"column":13}},"17":{"start":{"line":39,"column":14},"end":{"line":39,"column":84}},"18":{"start":{"line":42,"column":12},"end":{"line":42,"column":24}},"19":{"start":{"line":46,"column":8},"end":{"line":49,"column":10}},"20":{"start":{"line":55,"column":0},"end":{"line":55,"column":39}}},"fnMap":{"0":{"name":"(anonymous_1)","decl":{"start":{"line":18,"column":32},"end":{"line":18,"column":37}},"loc":{"start":{"line":18,"column":43},"end":{"line":53,"column":1}}},"1":{"name":"(anonymous_2)","decl":{"start":{"line":30,"column":15},"end":{"line":30,"column":20}},"loc":{"start":{"line":30,"column":33},"end":{"line":50,"column":7}}}},"branchMap":{"0":{"loc":{"start":{"line":34,"column":8},"end":{"line":44,"column":9}},"type":"if","locations":[{"start":{"line":34,"column":8},"end":{"line":44,"column":9}},{"start":{},"end":{}}]},"1":{"loc":{"start":{"line":34,"column":12},"end":{"line":34,"column":46}},"type":"binary-expr","locations":[{"start":{"line":34,"column":12},"end":{"line":34,"column":16}},{"start":{"line":34,"column":20},"end":{"line":34,"column":46}}]},"2":{"loc":{"start":{"line":38,"column":12},"end":{"line":40,"column":13}},"type":"if","locations":[{"start":{"line":38,"column":12},"end":{"line":40,"column":13}},{"start":{},"end":{}}]},"3":{"loc":{"start":{"line":38,"column":16},"end":{"line":38,"column":77}},"type":"binary-expr","locations":[{"start":{"line":38,"column":16},"end":{"line":38,"column":23}},{"start":{"line":38,"column":27},"end":{"line":38,"column":54}},{"start":{"line":38,"column":58},"end":{"line":38,"column":77}}]}},"s":{"0":1,"1":1,"2":1,"3":1,"4":1,"5":1,"6":1,"7":1,"8":1,"9":1,"10":1,"11":1,"12":1,"13":1,"14":1,"15":1,"16":0,"17":0,"18":1,"19":1,"20":1},"f":{"0":1,"1":1},"b":{"0":[1,0],"1":[1,1],"2":[0,0],"3":[0,0,0]}}
,"C:\\Users\\enock\\source\\repos\\VSCode Projects\\FreelancerCRM\\backend\\src\\graphql\\resolvers.ts": {"path":"C:\\Users\\enock\\source\\repos\\VSCode Projects\\FreelancerCRM\\backend\\src\\graphql\\resolvers.ts","statementMap":{"0":{"start":{"line":1,"column":0},"end":{"line":1,"column":54}},"1":{"start":{"line":2,"column":0},"end":{"line":2,"column":28}},"2":{"start":{"line":3,"column":0},"end":{"line":3,"column":31}},"3":{"start":{"line":5,"column":15},"end":{"line":5,"column":33}},"4":{"start":{"line":6,"column":19},"end":{"line":6,"column":58}},"5":{"start":{"line":9,"column":2},"end":{"line":11,"column":3}},"6":{"start":{"line":10,"column":4},"end":{"line":10,"column":38}},"7":{"start":{"line":12,"column":15},"end":{"line":12,"column":56}},"8":{"start":{"line":13,"column":2},"end":{"line":21,"column":3}},"9":{"start":{"line":14,"column":4},"end":{"line":20,"column":5}},"10":{"start":{"line":15,"column":20},"end":{"line":15,"column":33}},"11":{"start":{"line":16,"column":22},"end":{"line":16,"column":58}},"12":{"start":{"line":17,"column":6},"end":{"line":17,"column":38}},"13":{"start":{"line":19,"column":6},"end":{"line":19,"column":18}},"14":{"start":{"line":22,"column":2},"end":{"line":22,"column":14}},"15":{"start":{"line":26,"column":13},"end":{"line":179,"column":2}},"16":{"start":{"line":29,"column":21},"end":{"line":29,"column":50}},"17":{"start":{"line":30,"column":6},"end":{"line":30,"column":51}},"18":{"start":{"line":30,"column":19},"end":{"line":30,"column":51}},"19":{"start":{"line":31,"column":6},"end":{"line":35,"column":9}},"20":{"start":{"line":38,"column":21},"end":{"line":38,"column":50}},"21":{"start":{"line":39,"column":6},"end":{"line":39,"column":31}},"22":{"start":{"line":39,"column":19},"end":{"line":39,"column":31}},"23":{"start":{"line":40,"column":6},"end":{"line":43,"column":9}},"24":{"start":{"line":49,"column":21},"end":{"line":49,"column":50}},"25":{"start":{"line":50,"column":6},"end":{"line":50,"column":51}},"26":{"start":{"line":50,"column":19},"end":{"line":50,"column":51}},"27":{"start":{"line":51,"column":6},"end":{"line":57,"column":9}},"28":{"start":{"line":60,"column":21},"end":{"line":60,"column":50}},"29":{"start":{"line":61,"column":6},"end":{"line":61,"column":51}},"30":{"start":{"line":61,"column":19},"end":{"line":61,"column":51}},"31":{"start":{"line":62,"column":22},"end":{"line":62,"column":84}},"32":{"start":{"line":63,"column":6},"end":{"line":63,"column":86}},"33":{"start":{"line":63,"column":57},"end":{"line":63,"column":86}},"34":{"start":{"line":64,"column":6},"end":{"line":70,"column":9}},"35":{"start":{"line":73,"column":21},"end":{"line":73,"column":50}},"36":{"start":{"line":74,"column":6},"end":{"line":74,"column":51}},"37":{"start":{"line":74,"column":19},"end":{"line":74,"column":51}},"38":{"start":{"line":75,"column":22},"end":{"line":75,"column":84}},"39":{"start":{"line":76,"column":6},"end":{"line":76,"column":86}},"40":{"start":{"line":76,"column":57},"end":{"line":76,"column":86}},"41":{"start":{"line":77,"column":6},"end":{"line":77,"column":77}},"42":{"start":{"line":78,"column":6},"end":{"line":78,"column":65}},"43":{"start":{"line":79,"column":6},"end":{"line":79,"column":18}},"44":{"start":{"line":82,"column":21},"end":{"line":82,"column":50}},"45":{"start":{"line":83,"column":6},"end":{"line":83,"column":51}},"46":{"start":{"line":83,"column":19},"end":{"line":83,"column":51}},"47":{"start":{"line":84,"column":22},"end":{"line":84,"column":91}},"48":{"start":{"line":85,"column":6},"end":{"line":85,"column":86}},"49":{"start":{"line":85,"column":57},"end":{"line":85,"column":86}},"50":{"start":{"line":86,"column":6},"end":{"line":88,"column":9}},"51":{"start":{"line":91,"column":21},"end":{"line":91,"column":50}},"52":{"start":{"line":92,"column":6},"end":{"line":92,"column":51}},"53":{"start":{"line":92,"column":19},"end":{"line":92,"column":51}},"54":{"start":{"line":93,"column":23},"end":{"line":93,"column":86}},"55":{"start":{"line":94,"column":6},"end":{"line":94,"column":50}},"56":{"start":{"line":94,"column":21},"end":{"line":94,"column":50}},"57":{"start":{"line":95,"column":22},"end":{"line":95,"column":100}},"58":{"start":{"line":96,"column":6},"end":{"line":96,"column":86}},"59":{"start":{"line":96,"column":57},"end":{"line":96,"column":86}},"60":{"start":{"line":97,"column":6},"end":{"line":97,"column":66}},"61":{"start":{"line":98,"column":6},"end":{"line":98,"column":18}},"62":{"start":{"line":101,"column":23},"end":{"line":101,"column":73}},"63":{"start":{"line":102,"column":6},"end":{"line":102,"column":59}},"64":{"start":{"line":102,"column":20},"end":{"line":102,"column":59}},"65":{"start":{"line":103,"column":19},"end":{"line":103,"column":50}},"66":{"start":{"line":104,"column":19},"end":{"line":106,"column":8}},"67":{"start":{"line":107,"column":20},"end":{"line":107,"column":61}},"68":{"start":{"line":108,"column":6},"end":{"line":108,"column":23}},"69":{"start":{"line":111,"column":19},"end":{"line":111,"column":69}},"70":{"start":{"line":112,"column":6},"end":{"line":112,"column":60}},"71":{"start":{"line":112,"column":17},"end":{"line":112,"column":60}},"72":{"start":{"line":113,"column":20},"end":{"line":113,"column":65}},"73":{"start":{"line":114,"column":6},"end":{"line":114,"column":61}},"74":{"start":{"line":114,"column":18},"end":{"line":114,"column":61}},"75":{"start":{"line":115,"column":20},"end":{"line":115,"column":61}},"76":{"start":{"line":116,"column":6},"end":{"line":116,"column":23}},"77":{"start":{"line":125,"column":23},"end":{"line":125,"column":30}},"78":{"start":{"line":127,"column":22},"end":{"line":127,"column":84}},"79":{"start":{"line":128,"column":6},"end":{"line":128,"column":84}},"80":{"start":{"line":128,"column":50},"end":{"line":128,"column":84}},"81":{"start":{"line":130,"column":6},"end":{"line":133,"column":9}},"82":{"start":{"line":143,"column":6},"end":{"line":159,"column":7}},"83":{"start":{"line":144,"column":25},"end":{"line":144,"column":32}},"84":{"start":{"line":145,"column":8},"end":{"line":145,"column":51}},"85":{"start":{"line":145,"column":19},"end":{"line":145,"column":51}},"86":{"start":{"line":146,"column":63},"end":{"line":146,"column":65}},"87":{"start":{"line":147,"column":8},"end":{"line":147,"column":41}},"88":{"start":{"line":147,"column":19},"end":{"line":147,"column":41}},"89":{"start":{"line":148,"column":8},"end":{"line":148,"column":73}},"90":{"start":{"line":148,"column":22},"end":{"line":148,"column":73}},"91":{"start":{"line":149,"column":8},"end":{"line":149,"column":88}},"92":{"start":{"line":149,"column":49},"end":{"line":149,"column":88}},"93":{"start":{"line":150,"column":8},"end":{"line":150,"column":56}},"94":{"start":{"line":151,"column":24},"end":{"line":154,"column":10}},"95":{"start":{"line":155,"column":8},"end":{"line":155,"column":23}},"96":{"start":{"line":157,"column":8},"end":{"line":157,"column":55}},"97":{"start":{"line":158,"column":8},"end":{"line":158,"column":18}},"98":{"start":{"line":166,"column":6},"end":{"line":169,"column":8}},"99":{"start":{"line":173,"column":6},"end":{"line":173,"column":71}},"100":{"start":{"line":177,"column":6},"end":{"line":177,"column":76}}},"fnMap":{"0":{"name":"getUserIdFromContext","decl":{"start":{"line":8,"column":9},"end":{"line":8,"column":29}},"loc":{"start":{"line":8,"column":42},"end":{"line":23,"column":1}}},"1":{"name":"(anonymous_2)","decl":{"start":{"line":28,"column":14},"end":{"line":28,"column":19}},"loc":{"start":{"line":28,"column":63},"end":{"line":36,"column":5}}},"2":{"name":"(anonymous_3)","decl":{"start":{"line":37,"column":8},"end":{"line":37,"column":13}},"loc":{"start":{"line":37,"column":57},"end":{"line":44,"column":5}}},"3":{"name":"(anonymous_4)","decl":{"start":{"line":48,"column":19},"end":{"line":48,"column":24}},"loc":{"start":{"line":48,"column":72},"end":{"line":58,"column":5}}},"4":{"name":"(anonymous_5)","decl":{"start":{"line":59,"column":19},"end":{"line":59,"column":24}},"loc":{"start":{"line":59,"column":76},"end":{"line":71,"column":5}}},"5":{"name":"(anonymous_6)","decl":{"start":{"line":72,"column":19},"end":{"line":72,"column":24}},"loc":{"start":{"line":72,"column":69},"end":{"line":80,"column":5}}},"6":{"name":"(anonymous_7)","decl":{"start":{"line":81,"column":20},"end":{"line":81,"column":25}},"loc":{"start":{"line":81,"column":90},"end":{"line":89,"column":5}}},"7":{"name":"(anonymous_8)","decl":{"start":{"line":90,"column":20},"end":{"line":90,"column":25}},"loc":{"start":{"line":90,"column":70},"end":{"line":99,"column":5}}},"8":{"name":"(anonymous_9)","decl":{"start":{"line":100,"column":14},"end":{"line":100,"column":19}},"loc":{"start":{"line":100,"column":63},"end":{"line":109,"column":5}}},"9":{"name":"(anonymous_10)","decl":{"start":{"line":110,"column":11},"end":{"line":110,"column":16}},"loc":{"start":{"line":110,"column":60},"end":{"line":117,"column":5}}},"10":{"name":"(anonymous_11)","decl":{"start":{"line":120,"column":33},"end":{"line":120,"column":38}},"loc":{"start":{"line":124,"column":10},"end":{"line":135,"column":5}}},"11":{"name":"(anonymous_12)","decl":{"start":{"line":138,"column":23},"end":{"line":138,"column":28}},"loc":{"start":{"line":142,"column":8},"end":{"line":160,"column":5}}},"12":{"name":"(anonymous_13)","decl":{"start":{"line":165,"column":16},"end":{"line":165,"column":17}},"loc":{"start":{"line":166,"column":6},"end":{"line":169,"column":8}}},"13":{"name":"(anonymous_14)","decl":{"start":{"line":172,"column":14},"end":{"line":172,"column":15}},"loc":{"start":{"line":173,"column":6},"end":{"line":173,"column":71}}},"14":{"name":"(anonymous_15)","decl":{"start":{"line":176,"column":13},"end":{"line":176,"column":14}},"loc":{"start":{"line":177,"column":6},"end":{"line":177,"column":76}}}},"branchMap":{"0":{"loc":{"start":{"line":6,"column":19},"end":{"line":6,"column":58}},"type":"binary-expr","locations":[{"start":{"line":6,"column":19},"end":{"line":6,"column":41}},{"start":{"line":6,"column":45},"end":{"line":6,"column":58}}]},"1":{"loc":{"start":{"line":9,"column":2},"end":{"line":11,"column":3}},"type":"if","locations":[{"start":{"line":9,"column":2},"end":{"line":11,"column":3}},{"start":{},"end":{}}]},"2":{"loc":{"start":{"line":9,"column":6},"end":{"line":9,"column":37}},"type":"binary-expr","locations":[{"start":{"line":9,"column":6},"end":{"line":9,"column":18}},{"start":{"line":9,"column":22},"end":{"line":9,"column":37}}]},"3":{"loc":{"start":{"line":12,"column":15},"end":{"line":12,"column":56}},"type":"binary-expr","locations":[{"start":{"line":12,"column":15},"end":{"line":12,"column":50}},{"start":{"line":12,"column":54},"end":{"line":12,"column":56}}]},"4":{"loc":{"start":{"line":13,"column":2},"end":{"line":21,"column":3}},"type":"if","locations":[{"start":{"line":13,"column":2},"end":{"line":21,"column":3}},{"start":{},"end":{}}]},"5":{"loc":{"start":{"line":30,"column":6},"end":{"line":30,"column":51}},"type":"if","locations":[{"start":{"line":30,"column":6},"end":{"line":30,"column":51}},{"start":{},"end":{}}]},"6":{"loc":{"start":{"line":39,"column":6},"end":{"line":39,"column":31}},"type":"if","locations":[{"start":{"line":39,"column":6},"end":{"line":39,"column":31}},{"start":{},"end":{}}]},"7":{"loc":{"start":{"line":50,"column":6},"end":{"line":50,"column":51}},"type":"if","locations":[{"start":{"line":50,"column":6},"end":{"line":50,"column":51}},{"start":{},"end":{}}]},"8":{"loc":{"start":{"line":61,"column":6},"end":{"line":61,"column":51}},"type":"if","locations":[{"start":{"line":61,"column":6},"end":{"line":61,"column":51}},{"start":{},"end":{}}]},"9":{"loc":{"start":{"line":63,"column":6},"end":{"line":63,"column":86}},"type":"if","locations":[{"start":{"line":63,"column":6},"end":{"line":63,"column":86}},{"start":{},"end":{}}]},"10":{"loc":{"start":{"line":63,"column":10},"end":{"line":63,"column":55}},"type":"binary-expr","locations":[{"start":{"line":63,"column":10},"end":{"line":63,"column":18}},{"start":{"line":63,"column":22},"end":{"line":63,"column":55}}]},"11":{"loc":{"start":{"line":74,"column":6},"end":{"line":74,"column":51}},"type":"if","locations":[{"start":{"line":74,"column":6},"end":{"line":74,"column":51}},{"start":{},"end":{}}]},"12":{"loc":{"start":{"line":76,"column":6},"end":{"line":76,"column":86}},"type":"if","locations":[{"start":{"line":76,"column":6},"end":{"line":76,"column":86}},{"start":{},"end":{}}]},"13":{"loc":{"start":{"line":76,"column":10},"end":{"line":76,"column":55}},"type":"binary-expr","locations":[{"start":{"line":76,"column":10},"end":{"line":76,"column":18}},{"start":{"line":76,"column":22},"end":{"line":76,"column":55}}]},"14":{"loc":{"start":{"line":83,"column":6},"end":{"line":83,"column":51}},"type":"if","locations":[{"start":{"line":83,"column":6},"end":{"line":83,"column":51}},{"start":{},"end":{}}]},"15":{"loc":{"start":{"line":85,"column":6},"end":{"line":85,"column":86}},"type":"if","locations":[{"start":{"line":85,"column":6},"end":{"line":85,"column":86}},{"start":{},"end":{}}]},"16":{"loc":{"start":{"line":85,"column":10},"end":{"line":85,"column":55}},"type":"binary-expr","locations":[{"start":{"line":85,"column":10},"end":{"line":85,"column":18}},{"start":{"line":85,"column":22},"end":{"line":85,"column":55}}]},"17":{"loc":{"start":{"line":92,"column":6},"end":{"line":92,"column":51}},"type":"if","locations":[{"start":{"line":92,"column":6},"end":{"line":92,"column":51}},{"start":{},"end":{}}]},"18":{"loc":{"start":{"line":94,"column":6},"end":{"line":94,"column":50}},"type":"if","locations":[{"start":{"line":94,"column":6},"end":{"line":94,"column":50}},{"start":{},"end":{}}]},"19":{"loc":{"start":{"line":96,"column":6},"end":{"line":96,"column":86}},"type":"if","locations":[{"start":{"line":96,"column":6},"end":{"line":96,"column":86}},{"start":{},"end":{}}]},"20":{"loc":{"start":{"line":96,"column":10},"end":{"line":96,"column":55}},"type":"binary-expr","locations":[{"start":{"line":96,"column":10},"end":{"line":96,"column":18}},{"start":{"line":96,"column":22},"end":{"line":96,"column":55}}]},"21":{"loc":{"start":{"line":102,"column":6},"end":{"line":102,"column":59}},"type":"if","locations":[{"start":{"line":102,"column":6},"end":{"line":102,"column":59}},{"start":{},"end":{}}]},"22":{"loc":{"start":{"line":112,"column":6},"end":{"line":112,"column":60}},"type":"if","locations":[{"start":{"line":112,"column":6},"end":{"line":112,"column":60}},{"start":{},"end":{}}]},"23":{"loc":{"start":{"line":114,"column":6},"end":{"line":114,"column":61}},"type":"if","locations":[{"start":{"line":114,"column":6},"end":{"line":114,"column":61}},{"start":{},"end":{}}]},"24":{"loc":{"start":{"line":128,"column":6},"end":{"line":128,"column":84}},"type":"if","locations":[{"start":{"line":128,"column":6},"end":{"line":128,"column":84}},{"start":{},"end":{}}]},"25":{"loc":{"start":{"line":128,"column":10},"end":{"line":128,"column":48}},"type":"binary-expr","locations":[{"start":{"line":128,"column":10},"end":{"line":128,"column":18}},{"start":{"line":128,"column":22},"end":{"line":128,"column":48}}]},"26":{"loc":{"start":{"line":145,"column":8},"end":{"line":145,"column":51}},"type":"if","locations":[{"start":{"line":145,"column":8},"end":{"line":145,"column":51}},{"start":{},"end":{}}]},"27":{"loc":{"start":{"line":147,"column":8},"end":{"line":147,"column":41}},"type":"if","locations":[{"start":{"line":147,"column":8},"end":{"line":147,"column":41}},{"start":{},"end":{}}]},"28":{"loc":{"start":{"line":148,"column":8},"end":{"line":148,"column":73}},"type":"if","locations":[{"start":{"line":148,"column":8},"end":{"line":148,"column":73}},{"start":{},"end":{}}]},"29":{"loc":{"start":{"line":149,"column":8},"end":{"line":149,"column":88}},"type":"if","locations":[{"start":{"line":149,"column":8},"end":{"line":149,"column":88}},{"start":{},"end":{}}]},"30":{"loc":{"start":{"line":149,"column":12},"end":{"line":149,"column":47}},"type":"binary-expr","locations":[{"start":{"line":149,"column":12},"end":{"line":149,"column":26}},{"start":{"line":149,"column":30},"end":{"line":149,"column":47}}]}},"s":{"0":1,"1":1,"2":1,"3":1,"4":1,"5":0,"6":0,"7":0,"8":0,"9":0,"10":0,"11":0,"12":0,"13":0,"14":0,"15":1,"16":0,"17":0,"18":0,"19":0,"20":0,"21":0,"22":0,"23":0,"24":0,"25":0,"26":0,"27":0,"28":0,"29":0,"30":0,"31":0,"32":0,"33":0,"34":0,"35":0,"36":0,"37":0,"38":0,"39":0,"40":0,"41":0,"42":0,"43":0,"44":0,"45":0,"46":0,"47":0,"48":0,"49":0,"50":0,"51":0,"52":0,"53":0,"54":0,"55":0,"56":0,"57":0,"58":0,"59":0,"60":0,"61":0,"62":0,"63":0,"64":0,"65":0,"66":0,"67":0,"68":0,"69":0,"70":0,"71":0,"72":0,"73":0,"74":0,"75":0,"76":0,"77":0,"78":0,"79":0,"80":0,"81":0,"82":0,"83":0,"84":0,"85":0,"86":0,"87":0,"88":0,"89":0,"90":0,"91":0,"92":0,"93":0,"94":0,"95":0,"96":0,"97":0,"98":0,"99":0,"100":0},"f":{"0":0,"1":0,"2":0,"3":0,"4":0,"5":0,"6":0,"7":0,"8":0,"9":0,"10":0,"11":0,"12":0,"13":0,"14":0},"b":{"0":[1,0],"1":[0,0],"2":[0,0],"3":[0,0],"4":[0,0],"5":[0,0],"6":[0,0],"7":[0,0],"8":[0,0],"9":[0,0],"10":[0,0],"11":[0,0],"12":[0,0],"13":[0,0],"14":[0,0],"15":[0,0],"16":[0,0],"17":[0,0],"18":[0,0],"19":[0,0],"20":[0,0],"21":[0,0],"22":[0,0],"23":[0,0],"24":[0,0],"25":[0,0],"26":[0,0],"27":[0,0],"28":[0,0],"29":[0,0],"30":[0,0]}}
,"C:\\Users\\enock\\source\\repos\\VSCode Projects\\FreelancerCRM\\backend\\src\\graphql\\typeDefs.ts": {"path":"C:\\Users\\enock\\source\\repos\\VSCode Projects\\FreelancerCRM\\backend\\src\\graphql\\typeDefs.ts","statementMap":{"0":{"start":{"line":1,"column":0},"end":{"line":1,"column":34}},"1":{"start":{"line":3,"column":17},"end":{"line":76,"column":2}},"2":{"start":{"line":78,"column":0},"end":{"line":78,"column":24}}},"fnMap":{},"branchMap":{},"s":{"0":1,"1":1,"2":1},"f":{},"b":{}}
,"C:\\Users\\enock\\source\\repos\\VSCode Projects\\FreelancerCRM\\backend\\src\\middlewares\\auth.middleware.ts": {"path":"C:\\Users\\enock\\source\\repos\\VSCode Projects\\FreelancerCRM\\backend\\src\\middlewares\\auth.middleware.ts","statementMap":{"0":{"start":{"line":2,"column":0},"end":{"line":2,"column":31}},"1":{"start":{"line":13,"column":19},"end":{"line":13,"column":55}},"2":{"start":{"line":15,"column":27},"end":{"line":28,"column":1}},"3":{"start":{"line":16,"column":21},"end":{"line":16,"column":46}},"4":{"start":{"line":17,"column":2},"end":{"line":17,"column":18}},"5":{"start":{"line":18,"column":2},"end":{"line":26,"column":3}},"6":{"start":{"line":19,"column":18},"end":{"line":19,"column":42}},"7":{"start":{"line":20,"column":4},"end":{"line":25,"column":5}},"8":{"start":{"line":21,"column":22},"end":{"line":21,"column":66}},"9":{"start":{"line":22,"column":6},"end":{"line":22,"column":25}},"10":{"start":{"line":24,"column":6},"end":{"line":24,"column":22}},"11":{"start":{"line":27,"column":2},"end":{"line":27,"column":9}},"12":{"start":{"line":15,"column":13},"end":{"line":15,"column":27}}},"fnMap":{"0":{"name":"(anonymous_1)","decl":{"start":{"line":15,"column":27},"end":{"line":15,"column":28}},"loc":{"start":{"line":15,"column":89},"end":{"line":28,"column":1}}}},"branchMap":{"0":{"loc":{"start":{"line":13,"column":19},"end":{"line":13,"column":55}},"type":"binary-expr","locations":[{"start":{"line":13,"column":19},"end":{"line":13,"column":41}},{"start":{"line":13,"column":45},"end":{"line":13,"column":55}}]},"1":{"loc":{"start":{"line":18,"column":2},"end":{"line":26,"column":3}},"type":"if","locations":[{"start":{"line":18,"column":2},"end":{"line":26,"column":3}},{"start":{},"end":{}}]},"2":{"loc":{"start":{"line":18,"column":6},"end":{"line":18,"column":52}},"type":"binary-expr","locations":[{"start":{"line":18,"column":6},"end":{"line":18,"column":16}},{"start":{"line":18,"column":20},"end":{"line":18,"column":52}}]}},"s":{"0":1,"1":1,"2":1,"3":0,"4":0,"5":0,"6":0,"7":0,"8":0,"9":0,"10":0,"11":0,"12":1},"f":{"0":0},"b":{"0":[1,0],"1":[0,0],"2":[0,0]}}
,"C:\\Users\\enock\\source\\repos\\VSCode Projects\\FreelancerCRM\\backend\\src\\routes\\auth.routes.ts": {"path":"C:\\Users\\enock\\source\\repos\\VSCode Projects\\FreelancerCRM\\backend\\src\\routes\\auth.routes.ts","statementMap":{"0":{"start":{"line":1,"column":0},"end":{"line":1,"column":33}},"1":{"start":{"line":2,"column":0},"end":{"line":2,"column":73}},"2":{"start":{"line":4,"column":15},"end":{"line":4,"column":23}},"3":{"start":{"line":6,"column":0},"end":{"line":6,"column":39}},"4":{"start":{"line":7,"column":0},"end":{"line":7,"column":33}},"5":{"start":{"line":9,"column":0},"end":{"line":9,"column":22}}},"fnMap":{},"branchMap":{},"s":{"0":1,"1":1,"2":1,"3":1,"4":1,"5":1},"f":{},"b":{}}
,"C:\\Users\\enock\\source\\repos\\VSCode Projects\\FreelancerCRM\\backend\\src\\routes\\user.routes.ts": {"path":"C:\\Users\\enock\\source\\repos\\VSCode Projects\\FreelancerCRM\\backend\\src\\routes\\user.routes.ts","statementMap":{"0":{"start":{"line":1,"column":0},"end":{"line":1,"column":33}},"1":{"start":{"line":2,"column":0},"end":{"line":2,"column":61}},"2":{"start":{"line":3,"column":0},"end":{"line":3,"column":69}},"3":{"start":{"line":5,"column":15},"end":{"line":5,"column":23}},"4":{"start":{"line":7,"column":0},"end":{"line":7,"column":38}},"5":{"start":{"line":8,"column":0},"end":{"line":8,"column":47}},"6":{"start":{"line":10,"column":0},"end":{"line":10,"column":22}}},"fnMap":{},"branchMap":{},"s":{"0":1,"1":1,"2":1,"3":1,"4":1,"5":1,"6":1},"f":{},"b":{}}
}
