TN:
SF:src\server.ts
FN:7,(anonymous_10)
FN:28,(anonymous_11)
FNF:2
FNH:1
FNDA:1,(anonymous_10)
FNDA:0,(anonymous_11)
DA:1,1
DA:2,1
DA:3,1
DA:4,1
DA:5,1
DA:7,1
DA:8,1
DA:10,1
DA:11,1
DA:13,1
DA:18,1
DA:19,1
DA:21,1
DA:22,1
DA:24,1
DA:25,1
DA:26,1
DA:28,1
DA:29,0
DA:31,1
DA:33,1
LF:21
LH:20
BRF:0
BRH:0
end_of_record
TN:
SF:src\controllers\auth.controller.ts
FN:18,(anonymous_1)
FN:43,(anonymous_2)
FNF:2
FNH:0
FNDA:0,(anonymous_1)
FNDA:0,(anonymous_2)
DA:2,1
DA:3,1
DA:4,1
DA:12,1
DA:13,1
DA:14,1
DA:15,0
DA:18,1
DA:19,0
DA:21,0
DA:22,0
DA:23,0
DA:24,0
DA:25,0
DA:28,0
DA:29,0
DA:36,0
DA:37,0
DA:39,0
DA:43,1
DA:44,0
DA:46,0
DA:47,0
DA:48,0
DA:49,0
DA:50,0
DA:53,0
DA:54,0
DA:55,0
DA:56,0
DA:59,0
DA:60,0
DA:68,0
LF:33
LH:8
BRDA:14,0,0,0
BRDA:14,0,1,1
BRDA:23,1,0,0
BRDA:23,1,1,0
BRDA:48,2,0,0
BRDA:48,2,1,0
BRDA:54,3,0,0
BRDA:54,3,1,0
BRF:8
BRH:1
end_of_record
TN:
SF:src\controllers\user.controller.ts
FN:10,(anonymous_1)
FN:26,(anonymous_2)
FNF:2
FNH:0
FNDA:0,(anonymous_1)
FNDA:0,(anonymous_2)
DA:2,1
DA:3,1
DA:9,1
DA:10,1
DA:11,0
DA:12,0
DA:17,0
DA:19,0
DA:21,0
DA:22,0
DA:26,1
DA:27,0
DA:29,0
DA:30,0
DA:32,0
DA:33,0
DA:34,0
DA:35,0
DA:38,0
DA:43,0
DA:45,0
DA:46,0
LF:22
LH:5
BRDA:17,0,0,0
BRDA:17,0,1,0
BRDA:32,1,0,0
BRDA:32,1,1,0
BRDA:33,2,0,0
BRDA:33,2,1,0
BRF:6
BRH:0
end_of_record
TN:
SF:src\graphql\index.ts
FN:18,(anonymous_1)
FN:30,(anonymous_2)
FNF:2
FNH:2
FNDA:1,(anonymous_1)
FNDA:1,(anonymous_2)
DA:1,1
DA:2,1
DA:3,1
DA:4,1
DA:7,1
DA:8,1
DA:18,1
DA:19,1
DA:24,1
DA:27,1
DA:32,1
DA:33,1
DA:34,1
DA:35,1
DA:36,1
DA:37,1
DA:38,0
DA:39,0
DA:42,1
DA:46,1
DA:55,1
LF:21
LH:19
BRDA:34,0,0,1
BRDA:34,0,1,0
BRDA:34,1,0,1
BRDA:34,1,1,1
BRDA:38,2,0,0
BRDA:38,2,1,0
BRDA:38,3,0,0
BRDA:38,3,1,0
BRDA:38,3,2,0
BRF:9
BRH:3
end_of_record
TN:
SF:src\graphql\resolvers.ts
FN:8,getUserIdFromContext
FN:28,(anonymous_2)
FN:37,(anonymous_3)
FN:48,(anonymous_4)
FN:59,(anonymous_5)
FN:72,(anonymous_6)
FN:81,(anonymous_7)
FN:90,(anonymous_8)
FN:100,(anonymous_9)
FN:110,(anonymous_10)
FN:120,(anonymous_11)
FN:138,(anonymous_12)
FN:165,(anonymous_13)
FN:172,(anonymous_14)
FN:176,(anonymous_15)
FNF:15
FNH:0
FNDA:0,getUserIdFromContext
FNDA:0,(anonymous_2)
FNDA:0,(anonymous_3)
FNDA:0,(anonymous_4)
FNDA:0,(anonymous_5)
FNDA:0,(anonymous_6)
FNDA:0,(anonymous_7)
FNDA:0,(anonymous_8)
FNDA:0,(anonymous_9)
FNDA:0,(anonymous_10)
FNDA:0,(anonymous_11)
FNDA:0,(anonymous_12)
FNDA:0,(anonymous_13)
FNDA:0,(anonymous_14)
FNDA:0,(anonymous_15)
DA:1,1
DA:2,1
DA:3,1
DA:5,1
DA:6,1
DA:9,0
DA:10,0
DA:12,0
DA:13,0
DA:14,0
DA:15,0
DA:16,0
DA:17,0
DA:19,0
DA:22,0
DA:26,1
DA:29,0
DA:30,0
DA:31,0
DA:38,0
DA:39,0
DA:40,0
DA:49,0
DA:50,0
DA:51,0
DA:60,0
DA:61,0
DA:62,0
DA:63,0
DA:64,0
DA:73,0
DA:74,0
DA:75,0
DA:76,0
DA:77,0
DA:78,0
DA:79,0
DA:82,0
DA:83,0
DA:84,0
DA:85,0
DA:86,0
DA:91,0
DA:92,0
DA:93,0
DA:94,0
DA:95,0
DA:96,0
DA:97,0
DA:98,0
DA:101,0
DA:102,0
DA:103,0
DA:104,0
DA:107,0
DA:108,0
DA:111,0
DA:112,0
DA:113,0
DA:114,0
DA:115,0
DA:116,0
DA:125,0
DA:127,0
DA:128,0
DA:130,0
DA:143,0
DA:144,0
DA:145,0
DA:146,0
DA:147,0
DA:148,0
DA:149,0
DA:150,0
DA:151,0
DA:155,0
DA:157,0
DA:158,0
DA:166,0
DA:173,0
DA:177,0
LF:81
LH:6
BRDA:6,0,0,1
BRDA:6,0,1,0
BRDA:9,1,0,0
BRDA:9,1,1,0
BRDA:9,2,0,0
BRDA:9,2,1,0
BRDA:12,3,0,0
BRDA:12,3,1,0
BRDA:13,4,0,0
BRDA:13,4,1,0
BRDA:30,5,0,0
BRDA:30,5,1,0
BRDA:39,6,0,0
BRDA:39,6,1,0
BRDA:50,7,0,0
BRDA:50,7,1,0
BRDA:61,8,0,0
BRDA:61,8,1,0
BRDA:63,9,0,0
BRDA:63,9,1,0
BRDA:63,10,0,0
BRDA:63,10,1,0
BRDA:74,11,0,0
BRDA:74,11,1,0
BRDA:76,12,0,0
BRDA:76,12,1,0
BRDA:76,13,0,0
BRDA:76,13,1,0
BRDA:83,14,0,0
BRDA:83,14,1,0
BRDA:85,15,0,0
BRDA:85,15,1,0
BRDA:85,16,0,0
BRDA:85,16,1,0
BRDA:92,17,0,0
BRDA:92,17,1,0
BRDA:94,18,0,0
BRDA:94,18,1,0
BRDA:96,19,0,0
BRDA:96,19,1,0
BRDA:96,20,0,0
BRDA:96,20,1,0
BRDA:102,21,0,0
BRDA:102,21,1,0
BRDA:112,22,0,0
BRDA:112,22,1,0
BRDA:114,23,0,0
BRDA:114,23,1,0
BRDA:128,24,0,0
BRDA:128,24,1,0
BRDA:128,25,0,0
BRDA:128,25,1,0
BRDA:145,26,0,0
BRDA:145,26,1,0
BRDA:147,27,0,0
BRDA:147,27,1,0
BRDA:148,28,0,0
BRDA:148,28,1,0
BRDA:149,29,0,0
BRDA:149,29,1,0
BRDA:149,30,0,0
BRDA:149,30,1,0
BRF:62
BRH:1
end_of_record
TN:
SF:src\graphql\typeDefs.ts
FNF:0
FNH:0
DA:1,1
DA:3,1
DA:78,1
LF:3
LH:3
BRF:0
BRH:0
end_of_record
TN:
SF:src\middlewares\auth.middleware.ts
FN:15,(anonymous_1)
FNF:1
FNH:0
FNDA:0,(anonymous_1)
DA:2,1
DA:13,1
DA:15,1
DA:16,0
DA:17,0
DA:18,0
DA:19,0
DA:20,0
DA:21,0
DA:22,0
DA:24,0
DA:27,0
LF:12
LH:3
BRDA:13,0,0,1
BRDA:13,0,1,0
BRDA:18,1,0,0
BRDA:18,1,1,0
BRDA:18,2,0,0
BRDA:18,2,1,0
BRF:6
BRH:1
end_of_record
TN:
SF:src\routes\auth.routes.ts
FNF:0
FNH:0
DA:1,1
DA:2,1
DA:4,1
DA:6,1
DA:7,1
DA:9,1
LF:6
LH:6
BRF:0
BRH:0
end_of_record
TN:
SF:src\routes\user.routes.ts
FNF:0
FNH:0
DA:1,1
DA:2,1
DA:3,1
DA:5,1
DA:7,1
DA:8,1
DA:10,1
LF:7
LH:7
BRF:0
BRH:0
end_of_record
